<?xml version="1.0" encoding="UTF-8"?>
<testng-results skipped="0" failed="0" ignored="0" total="2" passed="2">
  <reporter-output>
  </reporter-output>
  <suite name="Command line suite" duration-ms="0" started-at="2024-01-22T17:34:53Z" finished-at="2024-01-22T17:34:53Z">
    <groups>
    </groups>
    <test name="Command line test" duration-ms="0" started-at="2024-01-22T17:34:53Z" finished-at="2024-01-22T17:34:53Z">
      <class name="unit.DisabledTest">
        <test-method status="PASS" signature="globalBeforeMethodSetup()[pri:0, instance:unit.DisabledTest@7cb502c]" name="globalBeforeMethodSetup" is-config="true" duration-ms="0" started-at="2024-01-22T17:34:53Z" finished-at="2024-01-22T17:34:53Z">
          <reporter-output>
          </reporter-output>
        </test-method> <!-- globalBeforeMethodSetup -->
        <test-method status="PASS" signature="unstableTest1()[pri:0, instance:unit.DisabledTest@7cb502c]" name="unstableTest1" duration-ms="0" started-at="2024-01-22T17:34:53Z" finished-at="2024-01-22T17:34:53Z">
          <reporter-output>
          </reporter-output>
        </test-method> <!-- unstableTest1 -->
        <test-method status="PASS" signature="globalSetup()[pri:0, instance:unit.DisabledTest@7cb502c]" name="globalSetup" is-config="true" duration-ms="0" started-at="2024-01-22T17:34:53Z" finished-at="2024-01-22T17:34:53Z">
          <reporter-output>
          </reporter-output>
        </test-method> <!-- globalSetup -->
        <test-method status="PASS" signature="globalBeforeMethodSetup()[pri:0, instance:unit.DisabledTest@7cb502c]" name="globalBeforeMethodSetup" is-config="true" duration-ms="0" started-at="2024-01-22T17:34:53Z" finished-at="2024-01-22T17:34:53Z">
          <reporter-output>
          </reporter-output>
        </test-method> <!-- globalBeforeMethodSetup -->
        <test-method status="PASS" signature="unstableTest2()[pri:0, instance:unit.DisabledTest@7cb502c]" name="unstableTest2" duration-ms="0" started-at="2024-01-22T17:34:53Z" finished-at="2024-01-22T17:34:53Z">
          <reporter-output>
          </reporter-output>
        </test-method> <!-- unstableTest2 -->
      </class> <!-- unit.DisabledTest -->
    </test> <!-- Command line test -->
  </suite> <!-- Command line suite -->
</testng-results>
