<?xml version="1.0" encoding="UTF-8"?>
<testng-results skipped="0" failed="0" ignored="0" total="1" passed="1">
  <reporter-output>
  </reporter-output>
  <suite name="Command line suite" duration-ms="22" started-at="2024-02-01T13:20:19Z" finished-at="2024-02-01T13:20:19Z">
    <groups>
    </groups>
    <test name="Command line test" duration-ms="22" started-at="2024-02-01T13:20:19Z" finished-at="2024-02-01T13:20:19Z">
      <class name="UserManagerTest">
        <test-method status="PASS" signature="setUp()[pri:0, instance:UserManagerTest@18e8568]" name="setUp" is-config="true" duration-ms="8" started-at="2024-02-01T13:20:19Z" finished-at="2024-02-01T13:20:19Z">
          <reporter-output>
          </reporter-output>
        </test-method> <!-- setUp -->
        <test-method status="PASS" signature="test_successful_added_user()[pri:0, instance:UserManagerTest@18e8568]" name="test_successful_added_user" duration-ms="1" started-at="2024-02-01T13:20:19Z" finished-at="2024-02-01T13:20:19Z">
          <reporter-output>
          </reporter-output>
        </test-method> <!-- test_successful_added_user -->
        <test-method status="PASS" signature="cleanUp()[pri:0, instance:UserManagerTest@18e8568]" name="cleanUp" is-config="true" duration-ms="0" started-at="2024-02-01T13:20:19Z" finished-at="2024-02-01T13:20:19Z">
          <reporter-output>
          </reporter-output>
        </test-method> <!-- cleanUp -->
      </class> <!-- UserManagerTest -->
    </test> <!-- Command line test -->
  </suite> <!-- Command line suite -->
</testng-results>
